<?xml version="1.0" encoding="UTF-8"?>
<testng-results ignored="2" total="5" passed="0" failed="3" skipped="0">
  <reporter-output>
  </reporter-output>
  <suite started-at="2022-10-30T22:45:19 EDT" name="toan" finished-at="2022-10-30T22:45:19 EDT" duration-ms="48">
    <groups>
      <group name="regression">
        <method signature="OrlandoHealthLoginPageTest.user_click_on_Mychart()[pri:0, instance:orlandoHealthloginPage.OrlandoHealthLoginPageTest@3ee0fea4]" name="user_click_on_Mychart" class="orlandoHealthloginPage.OrlandoHealthLoginPageTest"/>
        <method signature="OrlandoHealthLoginPageTest.user_click_on_appointment()[pri:0, instance:orlandoHealthloginPage.OrlandoHealthLoginPageTest@3ee0fea4]" name="user_click_on_appointment" class="orlandoHealthloginPage.OrlandoHealthLoginPageTest"/>
        <method signature="OrlandoHealthLoginPageTest.user_click_on_cardiology()[pri:0, instance:orlandoHealthloginPage.OrlandoHealthLoginPageTest@3ee0fea4]" name="user_click_on_cardiology" class="orlandoHealthloginPage.OrlandoHealthLoginPageTest"/>
      </group> <!-- regression -->
      <group name="smoke">
        <method signature="OrlandoHealthLoginPageTest.user_click_on_appointment()[pri:0, instance:orlandoHealthloginPage.OrlandoHealthLoginPageTest@3ee0fea4]" name="user_click_on_appointment" class="orlandoHealthloginPage.OrlandoHealthLoginPageTest"/>
        <method signature="OrlandoHealthLoginPageTest.user_click_on_cardiology()[pri:0, instance:orlandoHealthloginPage.OrlandoHealthLoginPageTest@3ee0fea4]" name="user_click_on_cardiology" class="orlandoHealthloginPage.OrlandoHealthLoginPageTest"/>
      </group> <!-- smoke -->
      <group name="adhoc">
        <method signature="OrlandoHealthLoginPageTest.user_click_on_cardiology()[pri:0, instance:orlandoHealthloginPage.OrlandoHealthLoginPageTest@3ee0fea4]" name="user_click_on_cardiology" class="orlandoHealthloginPage.OrlandoHealthLoginPageTest"/>
      </group> <!-- adhoc -->
    </groups>
    <test started-at="2022-10-30T22:45:19 EDT" name="minh" finished-at="2022-10-30T22:45:19 EDT" duration-ms="48">
      <class name="orlandoHealthloginPage.OrlandoHealthLoginPageTest">
        <test-method signature="user_click_on_Mychart()[pri:0, instance:orlandoHealthloginPage.OrlandoHealthLoginPageTest@3ee0fea4]" started-at="2022-10-30T22:45:19 EDT" name="user_click_on_Mychart" finished-at="2022-10-30T22:45:19 EDT" duration-ms="5" status="FAIL">
          <exception class="java.lang.NullPointerException">
            <message>
              <![CDATA[Cannot invoke "org.openqa.selenium.WebDriver.get(String)" because "this.driver" is null]]>
            </message>
            <full-stacktrace>
              <![CDATA[java.lang.NullPointerException: Cannot invoke "org.openqa.selenium.WebDriver.get(String)" because "this.driver" is null
at orlandoHealthloginPage.OrlandoHealthLoginPageTest.user_click_on_Mychart(OrlandoHealthLoginPageTest.java:61)
at java.base/jdk.internal.reflect.DirectMethodHandleAccessor.invoke(DirectMethodHandleAccessor.java:104)
at java.base/java.lang.reflect.Method.invoke(Method.java:577)
at org.testng.internal.invokers.MethodInvocationHelper.invokeMethod(MethodInvocationHelper.java:139)
at org.testng.internal.invokers.TestInvoker.invokeMethod(TestInvoker.java:677)
at org.testng.internal.invokers.TestInvoker.invokeTestMethod(TestInvoker.java:221)
at org.testng.internal.invokers.MethodRunner.runInSequence(MethodRunner.java:50)
at org.testng.internal.invokers.TestInvoker$MethodInvocationAgent.invoke(TestInvoker.java:962)
at org.testng.internal.invokers.TestInvoker.invokeTestMethods(TestInvoker.java:194)
at org.testng.internal.invokers.TestMethodWorker.invokeTestMethods(TestMethodWorker.java:148)
at org.testng.internal.invokers.TestMethodWorker.run(TestMethodWorker.java:128)
at java.base/java.util.ArrayList.forEach(ArrayList.java:1511)
at org.testng.TestRunner.privateRun(TestRunner.java:806)
at org.testng.TestRunner.run(TestRunner.java:601)
at org.testng.SuiteRunner.runTest(SuiteRunner.java:433)
at org.testng.SuiteRunner.runSequentially(SuiteRunner.java:427)
at org.testng.SuiteRunner.privateRun(SuiteRunner.java:387)
at org.testng.SuiteRunner.run(SuiteRunner.java:330)
at org.testng.SuiteRunnerWorker.runSuite(SuiteRunnerWorker.java:52)
at org.testng.SuiteRunnerWorker.run(SuiteRunnerWorker.java:95)
at org.testng.TestNG.runSuitesSequentially(TestNG.java:1256)
at org.testng.TestNG.runSuitesLocally(TestNG.java:1176)
at org.testng.TestNG.runSuites(TestNG.java:1099)
at org.testng.TestNG.run(TestNG.java:1067)
at com.intellij.rt.testng.IDEARemoteTestNG.run(IDEARemoteTestNG.java:66)
at com.intellij.rt.testng.RemoteTestNGStarter.main(RemoteTestNGStarter.java:109)
]]>
            </full-stacktrace>
          </exception> <!-- java.lang.NullPointerException -->
          <reporter-output>
          </reporter-output>
        </test-method> <!-- user_click_on_Mychart -->
        <test-method signature="user_click_on_appointment()[pri:0, instance:orlandoHealthloginPage.OrlandoHealthLoginPageTest@3ee0fea4]" started-at="2022-10-30T22:45:19 EDT" name="user_click_on_appointment" finished-at="2022-10-30T22:45:19 EDT" duration-ms="0" status="FAIL">
          <exception class="java.lang.NullPointerException">
            <message>
              <![CDATA[Cannot invoke "org.openqa.selenium.WebDriver.get(String)" because "this.driver" is null]]>
            </message>
            <full-stacktrace>
              <![CDATA[java.lang.NullPointerException: Cannot invoke "org.openqa.selenium.WebDriver.get(String)" because "this.driver" is null
at orlandoHealthloginPage.OrlandoHealthLoginPageTest.user_click_on_appointment(OrlandoHealthLoginPageTest.java:67)
at java.base/jdk.internal.reflect.DirectMethodHandleAccessor.invoke(DirectMethodHandleAccessor.java:104)
at java.base/java.lang.reflect.Method.invoke(Method.java:577)
at org.testng.internal.invokers.MethodInvocationHelper.invokeMethod(MethodInvocationHelper.java:139)
at org.testng.internal.invokers.TestInvoker.invokeMethod(TestInvoker.java:677)
at org.testng.internal.invokers.TestInvoker.invokeTestMethod(TestInvoker.java:221)
at org.testng.internal.invokers.MethodRunner.runInSequence(MethodRunner.java:50)
at org.testng.internal.invokers.TestInvoker$MethodInvocationAgent.invoke(TestInvoker.java:962)
at org.testng.internal.invokers.TestInvoker.invokeTestMethods(TestInvoker.java:194)
at org.testng.internal.invokers.TestMethodWorker.invokeTestMethods(TestMethodWorker.java:148)
at org.testng.internal.invokers.TestMethodWorker.run(TestMethodWorker.java:128)
at java.base/java.util.ArrayList.forEach(ArrayList.java:1511)
at org.testng.TestRunner.privateRun(TestRunner.java:806)
at org.testng.TestRunner.run(TestRunner.java:601)
at org.testng.SuiteRunner.runTest(SuiteRunner.java:433)
at org.testng.SuiteRunner.runSequentially(SuiteRunner.java:427)
at org.testng.SuiteRunner.privateRun(SuiteRunner.java:387)
at org.testng.SuiteRunner.run(SuiteRunner.java:330)
at org.testng.SuiteRunnerWorker.runSuite(SuiteRunnerWorker.java:52)
at org.testng.SuiteRunnerWorker.run(SuiteRunnerWorker.java:95)
at org.testng.TestNG.runSuitesSequentially(TestNG.java:1256)
at org.testng.TestNG.runSuitesLocally(TestNG.java:1176)
at org.testng.TestNG.runSuites(TestNG.java:1099)
at org.testng.TestNG.run(TestNG.java:1067)
at com.intellij.rt.testng.IDEARemoteTestNG.run(IDEARemoteTestNG.java:66)
at com.intellij.rt.testng.RemoteTestNGStarter.main(RemoteTestNGStarter.java:109)
]]>
            </full-stacktrace>
          </exception> <!-- java.lang.NullPointerException -->
          <reporter-output>
          </reporter-output>
        </test-method> <!-- user_click_on_appointment -->
        <test-method signature="user_click_on_cardiology()[pri:0, instance:orlandoHealthloginPage.OrlandoHealthLoginPageTest@3ee0fea4]" started-at="2022-10-30T22:45:19 EDT" name="user_click_on_cardiology" finished-at="2022-10-30T22:45:19 EDT" duration-ms="0" status="FAIL">
          <exception class="java.lang.NullPointerException">
            <message>
              <![CDATA[Cannot invoke "org.openqa.selenium.WebDriver.get(String)" because "this.driver" is null]]>
            </message>
            <full-stacktrace>
              <![CDATA[java.lang.NullPointerException: Cannot invoke "org.openqa.selenium.WebDriver.get(String)" because "this.driver" is null
at orlandoHealthloginPage.OrlandoHealthLoginPageTest.user_click_on_cardiology(OrlandoHealthLoginPageTest.java:77)
at java.base/jdk.internal.reflect.DirectMethodHandleAccessor.invoke(DirectMethodHandleAccessor.java:104)
at java.base/java.lang.reflect.Method.invoke(Method.java:577)
at org.testng.internal.invokers.MethodInvocationHelper.invokeMethod(MethodInvocationHelper.java:139)
at org.testng.internal.invokers.TestInvoker.invokeMethod(TestInvoker.java:677)
at org.testng.internal.invokers.TestInvoker.invokeTestMethod(TestInvoker.java:221)
at org.testng.internal.invokers.MethodRunner.runInSequence(MethodRunner.java:50)
at org.testng.internal.invokers.TestInvoker$MethodInvocationAgent.invoke(TestInvoker.java:962)
at org.testng.internal.invokers.TestInvoker.invokeTestMethods(TestInvoker.java:194)
at org.testng.internal.invokers.TestMethodWorker.invokeTestMethods(TestMethodWorker.java:148)
at org.testng.internal.invokers.TestMethodWorker.run(TestMethodWorker.java:128)
at java.base/java.util.ArrayList.forEach(ArrayList.java:1511)
at org.testng.TestRunner.privateRun(TestRunner.java:806)
at org.testng.TestRunner.run(TestRunner.java:601)
at org.testng.SuiteRunner.runTest(SuiteRunner.java:433)
at org.testng.SuiteRunner.runSequentially(SuiteRunner.java:427)
at org.testng.SuiteRunner.privateRun(SuiteRunner.java:387)
at org.testng.SuiteRunner.run(SuiteRunner.java:330)
at org.testng.SuiteRunnerWorker.runSuite(SuiteRunnerWorker.java:52)
at org.testng.SuiteRunnerWorker.run(SuiteRunnerWorker.java:95)
at org.testng.TestNG.runSuitesSequentially(TestNG.java:1256)
at org.testng.TestNG.runSuitesLocally(TestNG.java:1176)
at org.testng.TestNG.runSuites(TestNG.java:1099)
at org.testng.TestNG.run(TestNG.java:1067)
at com.intellij.rt.testng.IDEARemoteTestNG.run(IDEARemoteTestNG.java:66)
at com.intellij.rt.testng.RemoteTestNGStarter.main(RemoteTestNGStarter.java:109)
]]>
            </full-stacktrace>
          </exception> <!-- java.lang.NullPointerException -->
          <reporter-output>
          </reporter-output>
        </test-method> <!-- user_click_on_cardiology -->
      </class> <!-- orlandoHealthloginPage.OrlandoHealthLoginPageTest -->
    </test> <!-- minh -->
  </suite> <!-- toan -->
</testng-results>
